Reading WFMs from /media/usb/11-30-2015-500-attempt5/
1
W1-288.wfm
	Reading  /media/usb/11-30-2015-500-attempt5/W1-288.wfm   1 / 371
2
W2-294.wfm
3
W3-294.wfm
4
W4-288.wfm
	Reading  /media/usb/11-30-2015-500-attempt5/W4-288.wfm   4 / 371
5
W5-294.wfm
6
W6-288.wfm
	Reading  /media/usb/11-30-2015-500-attempt5/W6-288.wfm   6 / 371
7
W7-288.wfm
	Reading  /media/usb/11-30-2015-500-attempt5/W7-288.wfm   7 / 371
8
W8-288.wfm
	Reading  /media/usb/11-30-2015-500-attempt5/W8-288.wfm   8 / 371
9
W9-288.wfm
	Reading  /media/usb/11-30-2015-500-attempt5/W9-288.wfm   9 / 371
10
W10-288.wfm
	Reading  /media/usb/11-30-2015-500-attempt5/W10-288.wfm   10 / 371
11
W11-294.wfm
12
W12-288.wfm
	Reading  /media/usb/11-30-2015-500-attempt5/W12-288.wfm   12 / 371
13
W13-288.wfm
	Reading  /media/usb/11-30-2015-500-attempt5/W13-288.wfm   13 / 371
14
W14-288.wfm
	Reading  /media/usb/11-30-2015-500-attempt5/W14-288.wfm   14 / 371
15
W15-288.wfm
	Reading  /media/usb/11-30-2015-500-attempt5/W15-288.wfm   15 / 371
16
W16-294.wfm
17
W17-294.wfm
18
W18-288.wfm
	Reading  /media/usb/11-30-2015-500-attempt5/W18-288.wfm   18 / 371
19
W19-294.wfm
20
W20-288.wfm
	Reading  /media/usb/11-30-2015-500-attempt5/W20-288.wfm   20 / 371
21
W21-288.wfm
	Reading  /media/usb/11-30-2015-500-attempt5/W21-288.wfm   21 / 371
22
W22-294.wfm
23
W23-288.wfm
	Reading  /media/usb/11-30-2015-500-attempt5/W23-288.wfm   23 / 371
24
W24-288.wfm
	Reading  /media/usb/11-30-2015-500-attempt5/W24-288.wfm   24 / 371
25
W25-294.wfm
26
W26-288.wfm
	Reading  /media/usb/11-30-2015-500-attempt5/W26-288.wfm   26 / 371
27
W27-288.wfm
	Reading  /media/usb/11-30-2015-500-attempt5/W27-288.wfm   27 / 371
28
W28-288.wfm
	Reading  /media/usb/11-30-2015-500-attempt5/W28-288.wfm   28 / 371
29
W29-288.wfm
	Reading  /media/usb/11-30-2015-500-attempt5/W29-288.wfm   29 / 371
30
W30-288.wfm
	Reading  /media/usb/11-30-2015-500-attempt5/W30-288.wfm   30 / 371
31
W31-294.wfm
32
W32-288.wfm
	Reading  /media/usb/11-30-2015-500-attempt5/W32-288.wfm   32 / 371
33
W33-294.wfm
34
W34-288.wfm
	Reading  /media/usb/11-30-2015-500-attempt5/W34-288.wfm   34 / 371
35
W35-288.wfm
	Reading  /media/usb/11-30-2015-500-attempt5/W35-288.wfm   35 / 371
36
W36-288.wfm
	Reading  /media/usb/11-30-2015-500-attempt5/W36-288.wfm   36 / 371
37
W37-288.wfm
	Reading  /media/usb/11-30-2015-500-attempt5/W37-288.wfm   37 / 371
38
W38-294.wfm
39
W39-288.wfm
	Reading  /media/usb/11-30-2015-500-attempt5/W39-288.wfm   39 / 371
40
W40-288.wfm
	Reading  /media/usb/11-30-2015-500-attempt5/W40-288.wfm   40 / 371
41
W41-288.wfm
	Reading  /media/usb/11-30-2015-500-attempt5/W41-288.wfm   41 / 371
42
W42-288.wfm
	Reading  /media/usb/11-30-2015-500-attempt5/W42-288.wfm   42 / 371
43
W43-288.wfm
	Reading  /media/usb/11-30-2015-500-attempt5/W43-288.wfm   43 / 371
44
W44-288.wfm
	Reading  /media/usb/11-30-2015-500-attempt5/W44-288.wfm   44 / 371
45
W45-288.wfm
	Reading  /media/usb/11-30-2015-500-attempt5/W45-288.wfm   45 / 371
46
W46-288.wfm
	Reading  /media/usb/11-30-2015-500-attempt5/W46-288.wfm   46 / 371
47
W47-294.wfm
48
W48-288.wfm
	Reading  /media/usb/11-30-2015-500-attempt5/W48-288.wfm   48 / 371
49
W49-288.wfm
	Reading  /media/usb/11-30-2015-500-attempt5/W49-288.wfm   49 / 371
50
W50-288.wfm
	Reading  /media/usb/11-30-2015-500-attempt5/W50-288.wfm   50 / 371
51
W51-288.wfm
	Reading  /media/usb/11-30-2015-500-attempt5/W51-288.wfm   51 / 371
52
W52-294.wfm
53
W53-294.wfm
54
W54-288.wfm
	Reading  /media/usb/11-30-2015-500-attempt5/W54-288.wfm   54 / 371
55
W55-294.wfm
56
W56-288.wfm
	Reading  /media/usb/11-30-2015-500-attempt5/W56-288.wfm   56 / 371
57
W57-288.wfm
	Reading  /media/usb/11-30-2015-500-attempt5/W57-288.wfm   57 / 371
58
W58-294.wfm
59
W59-288.wfm
	Reading  /media/usb/11-30-2015-500-attempt5/W59-288.wfm   59 / 371
60
W60-288.wfm
	Reading  /media/usb/11-30-2015-500-attempt5/W60-288.wfm   60 / 371
61
W61-294.wfm
62
W62-288.wfm
	Reading  /media/usb/11-30-2015-500-attempt5/W62-288.wfm   62 / 371
63
W63-288.wfm
	Reading  /media/usb/11-30-2015-500-attempt5/W63-288.wfm   63 / 371
64
W64-294.wfm
65
W65-288.wfm
	Reading  /media/usb/11-30-2015-500-attempt5/W65-288.wfm   65 / 371
66
W66-288.wfm
	Reading  /media/usb/11-30-2015-500-attempt5/W66-288.wfm   66 / 371
67
W67-288.wfm
	Reading  /media/usb/11-30-2015-500-attempt5/W67-288.wfm   67 / 371
68
W68-294.wfm
69
W69-288.wfm
	Reading  /media/usb/11-30-2015-500-attempt5/W69-288.wfm   69 / 371
70
W70-294.wfm
71
W71-294.wfm
72
W72-288.wfm
	Reading  /media/usb/11-30-2015-500-attempt5/W72-288.wfm   72 / 371
73
W73-294.wfm
74
W74-288.wfm
	Reading  /media/usb/11-30-2015-500-attempt5/W74-288.wfm   74 / 371
75
W75-288.wfm
	Reading  /media/usb/11-30-2015-500-attempt5/W75-288.wfm   75 / 371
76
W76-294.wfm
77
W77-288.wfm
	Reading  /media/usb/11-30-2015-500-attempt5/W77-288.wfm   77 / 371
78
W78-288.wfm
	Reading  /media/usb/11-30-2015-500-attempt5/W78-288.wfm   78 / 371
79
W79-288.wfm
	Reading  /media/usb/11-30-2015-500-attempt5/W79-288.wfm   79 / 371
80
W80-288.wfm
	Reading  /media/usb/11-30-2015-500-attempt5/W80-288.wfm   80 / 371
81
W81-288.wfm
	Reading  /media/usb/11-30-2015-500-attempt5/W81-288.wfm   81 / 371
82
W82-288.wfm
	Reading  /media/usb/11-30-2015-500-attempt5/W82-288.wfm   82 / 371
83
W83-288.wfm
	Reading  /media/usb/11-30-2015-500-attempt5/W83-288.wfm   83 / 371
84
W84-288.wfm
	Reading  /media/usb/11-30-2015-500-attempt5/W84-288.wfm   84 / 371
85
W85-294.wfm
86
W86-294.wfm
87
W87-294.wfm
88
W88-288.wfm
	Reading  /media/usb/11-30-2015-500-attempt5/W88-288.wfm   88 / 371
89
W89-294.wfm
90
W90-294.wfm
91
W91-288.wfm
	Reading  /media/usb/11-30-2015-500-attempt5/W91-288.wfm   91 / 371
92
W92-288.wfm
	Reading  /media/usb/11-30-2015-500-attempt5/W92-288.wfm   92 / 371
93
W93-288.wfm
	Reading  /media/usb/11-30-2015-500-attempt5/W93-288.wfm   93 / 371
94
W94-288.wfm
	Reading  /media/usb/11-30-2015-500-attempt5/W94-288.wfm   94 / 371
95
W95-288.wfm
	Reading  /media/usb/11-30-2015-500-attempt5/W95-288.wfm   95 / 371
96
W96-288.wfm
	Reading  /media/usb/11-30-2015-500-attempt5/W96-288.wfm   96 / 371
97
W97-294.wfm
98
W98-288.wfm
	Reading  /media/usb/11-30-2015-500-attempt5/W98-288.wfm   98 / 371
99
W99-288.wfm
	Reading  /media/usb/11-30-2015-500-attempt5/W99-288.wfm   99 / 371
100
W100-294.wfm
101
W101-294.wfm
102
W102-288.wfm
	Reading  /media/usb/11-30-2015-500-attempt5/W102-288.wfm   102 / 371
103
W103-288.wfm
	Reading  /media/usb/11-30-2015-500-attempt5/W103-288.wfm   103 / 371
104
W104-288.wfm
	Reading  /media/usb/11-30-2015-500-attempt5/W104-288.wfm   104 / 371
105
W105-288.wfm
	Reading  /media/usb/11-30-2015-500-attempt5/W105-288.wfm   105 / 371
106
W106-288.wfm
	Reading  /media/usb/11-30-2015-500-attempt5/W106-288.wfm   106 / 371
107
W107-288.wfm
	Reading  /media/usb/11-30-2015-500-attempt5/W107-288.wfm   107 / 371
108
W108-288.wfm
	Reading  /media/usb/11-30-2015-500-attempt5/W108-288.wfm   108 / 371
109
W109-288.wfm
	Reading  /media/usb/11-30-2015-500-attempt5/W109-288.wfm   109 / 371
110
W110-294.wfm
111
W111-288.wfm
	Reading  /media/usb/11-30-2015-500-attempt5/W111-288.wfm   111 / 371
112
W112-288.wfm
	Reading  /media/usb/11-30-2015-500-attempt5/W112-288.wfm   112 / 371
113
W113-294.wfm
114
W114-288.wfm
	Reading  /media/usb/11-30-2015-500-attempt5/W114-288.wfm   114 / 371
115
W115-288.wfm
	Reading  /media/usb/11-30-2015-500-attempt5/W115-288.wfm   115 / 371
116
W116-288.wfm
	Reading  /media/usb/11-30-2015-500-attempt5/W116-288.wfm   116 / 371
117
W117-294.wfm
118
W118-294.wfm
119
W119-288.wfm
	Reading  /media/usb/11-30-2015-500-attempt5/W119-288.wfm   119 / 371
120
W120-288.wfm
	Reading  /media/usb/11-30-2015-500-attempt5/W120-288.wfm   120 / 371
121
W121-288.wfm
	Reading  /media/usb/11-30-2015-500-attempt5/W121-288.wfm   121 / 371
122
W122-288.wfm
	Reading  /media/usb/11-30-2015-500-attempt5/W122-288.wfm   122 / 371
123
W123-288.wfm
	Reading  /media/usb/11-30-2015-500-attempt5/W123-288.wfm   123 / 371
124
W124-288.wfm
	Reading  /media/usb/11-30-2015-500-attempt5/W124-288.wfm   124 / 371
125
W125-288.wfm
	Reading  /media/usb/11-30-2015-500-attempt5/W125-288.wfm   125 / 371
126
W126-288.wfm
	Reading  /media/usb/11-30-2015-500-attempt5/W126-288.wfm   126 / 371
127
W127-288.wfm
	Reading  /media/usb/11-30-2015-500-attempt5/W127-288.wfm   127 / 371
128
W128-288.wfm
	Reading  /media/usb/11-30-2015-500-attempt5/W128-288.wfm   128 / 371
129
W129-288.wfm
	Reading  /media/usb/11-30-2015-500-attempt5/W129-288.wfm   129 / 371
130
W130-288.wfm
	Reading  /media/usb/11-30-2015-500-attempt5/W130-288.wfm   130 / 371
131
W131-288.wfm
	Reading  /media/usb/11-30-2015-500-attempt5/W131-288.wfm   131 / 371
132
W132-294.wfm
133
W133-288.wfm
	Reading  /media/usb/11-30-2015-500-attempt5/W133-288.wfm   133 / 371
134
W134-288.wfm
	Reading  /media/usb/11-30-2015-500-attempt5/W134-288.wfm   134 / 371
135
W135-288.wfm
	Reading  /media/usb/11-30-2015-500-attempt5/W135-288.wfm   135 / 371
136
W136-288.wfm
	Reading  /media/usb/11-30-2015-500-attempt5/W136-288.wfm   136 / 371
137
W137-288.wfm
	Reading  /media/usb/11-30-2015-500-attempt5/W137-288.wfm   137 / 371
138
W138-288.wfm
	Reading  /media/usb/11-30-2015-500-attempt5/W138-288.wfm   138 / 371
139
W139-294.wfm
140
W140-288.wfm
	Reading  /media/usb/11-30-2015-500-attempt5/W140-288.wfm   140 / 371
141
W141-288.wfm
	Reading  /media/usb/11-30-2015-500-attempt5/W141-288.wfm   141 / 371
142
W142-288.wfm
	Reading  /media/usb/11-30-2015-500-attempt5/W142-288.wfm   142 / 371
143
W143-294.wfm
144
W144-288.wfm
	Reading  /media/usb/11-30-2015-500-attempt5/W144-288.wfm   144 / 371
145
W145-288.wfm
	Reading  /media/usb/11-30-2015-500-attempt5/W145-288.wfm   145 / 371
146
W146-288.wfm
	Reading  /media/usb/11-30-2015-500-attempt5/W146-288.wfm   146 / 371
147
W147-288.wfm
	Reading  /media/usb/11-30-2015-500-attempt5/W147-288.wfm   147 / 371
148
W148-288.wfm
	Reading  /media/usb/11-30-2015-500-attempt5/W148-288.wfm   148 / 371
149
W149-294.wfm
150
W150-288.wfm
	Reading  /media/usb/11-30-2015-500-attempt5/W150-288.wfm   150 / 371
151
W151-288.wfm
	Reading  /media/usb/11-30-2015-500-attempt5/W151-288.wfm   151 / 371
152
W152-294.wfm
153
W153-288.wfm
	Reading  /media/usb/11-30-2015-500-attempt5/W153-288.wfm   153 / 371
154
W154-294.wfm
155
W155-288.wfm
	Reading  /media/usb/11-30-2015-500-attempt5/W155-288.wfm   155 / 371
156
W156-288.wfm
	Reading  /media/usb/11-30-2015-500-attempt5/W156-288.wfm   156 / 371
157
W157-294.wfm
158
W158-288.wfm
	Reading  /media/usb/11-30-2015-500-attempt5/W158-288.wfm   158 / 371
159
W159-288.wfm
	Reading  /media/usb/11-30-2015-500-attempt5/W159-288.wfm   159 / 371
160
	Reading  /media/usb/11-30-2015-500-attempt5/W99-288.wfm   160 / 371
161
W161-294.wfm
162
W162-288.wfm
	Reading  /media/usb/11-30-2015-500-attempt5/W162-288.wfm   162 / 371
163
W163-294.wfm
164
W164-288.wfm
	Reading  /media/usb/11-30-2015-500-attempt5/W164-288.wfm   164 / 371
165
W165-288.wfm
	Reading  /media/usb/11-30-2015-500-attempt5/W165-288.wfm   165 / 371
166
W166-294.wfm
167
W167-288.wfm
	Reading  /media/usb/11-30-2015-500-attempt5/W167-288.wfm   167 / 371
168
W168-288.wfm
	Reading  /media/usb/11-30-2015-500-attempt5/W168-288.wfm   168 / 371
169
W169-288.wfm
	Reading  /media/usb/11-30-2015-500-attempt5/W169-288.wfm   169 / 371
170
W170-294.wfm
171
W171-294.wfm
172
W172-288.wfm
	Reading  /media/usb/11-30-2015-500-attempt5/W172-288.wfm   172 / 371
173
W173-294.wfm
174
W174-288.wfm
	Reading  /media/usb/11-30-2015-500-attempt5/W174-288.wfm   174 / 371
175
W175-288.wfm
	Reading  /media/usb/11-30-2015-500-attempt5/W175-288.wfm   175 / 371
176
W176-294.wfm
177
W177-288.wfm
	Reading  /media/usb/11-30-2015-500-attempt5/W177-288.wfm   177 / 371
178
W178-288.wfm
	Reading  /media/usb/11-30-2015-500-attempt5/W178-288.wfm   178 / 371
179
W179-294.wfm
180
W180-288.wfm
	Reading  /media/usb/11-30-2015-500-attempt5/W180-288.wfm   180 / 371
181
W181-288.wfm
	Reading  /media/usb/11-30-2015-500-attempt5/W181-288.wfm   181 / 371
182
W182-294.wfm
183
W183-288.wfm
	Reading  /media/usb/11-30-2015-500-attempt5/W183-288.wfm   183 / 371
184
W184-288.wfm
	Reading  /media/usb/11-30-2015-500-attempt5/W184-288.wfm   184 / 371
185
W185-294.wfm
186
W186-288.wfm
	Reading  /media/usb/11-30-2015-500-attempt5/W186-288.wfm   186 / 371
187
W187-288.wfm
	Reading  /media/usb/11-30-2015-500-attempt5/W187-288.wfm   187 / 371
188
W188-288.wfm
	Reading  /media/usb/11-30-2015-500-attempt5/W188-288.wfm   188 / 371
189
W189-288.wfm
	Reading  /media/usb/11-30-2015-500-attempt5/W189-288.wfm   189 / 371
190
W190-288.wfm
	Reading  /media/usb/11-30-2015-500-attempt5/W190-288.wfm   190 / 371
191
W191-288.wfm
	Reading  /media/usb/11-30-2015-500-attempt5/W191-288.wfm   191 / 371
192
W192-288.wfm
	Reading  /media/usb/11-30-2015-500-attempt5/W192-288.wfm   192 / 371
193
W193-294.wfm
194
W194-288.wfm
	Reading  /media/usb/11-30-2015-500-attempt5/W194-288.wfm   194 / 371
195
W195-294.wfm
196
W196-288.wfm
	Reading  /media/usb/11-30-2015-500-attempt5/W196-288.wfm   196 / 371
197
W197-294.wfm
198
W198-288.wfm
	Reading  /media/usb/11-30-2015-500-attempt5/W198-288.wfm   198 / 371
199
W199-288.wfm
	Reading  /media/usb/11-30-2015-500-attempt5/W199-288.wfm   199 / 371
200
W200-294.wfm
201
W201-288.wfm
	Reading  /media/usb/11-30-2015-500-attempt5/W201-288.wfm   201 / 371
202
W202-288.wfm
	Reading  /media/usb/11-30-2015-500-attempt5/W202-288.wfm   202 / 371
203
W203-294.wfm
204
W204-288.wfm
	Reading  /media/usb/11-30-2015-500-attempt5/W204-288.wfm   204 / 371
205
W205-288.wfm
	Reading  /media/usb/11-30-2015-500-attempt5/W205-288.wfm   205 / 371
206
W206-288.wfm
	Reading  /media/usb/11-30-2015-500-attempt5/W206-288.wfm   206 / 371
207
W207-294.wfm
208
W208-288.wfm
	Reading  /media/usb/11-30-2015-500-attempt5/W208-288.wfm   208 / 371
209
W209-288.wfm
	Reading  /media/usb/11-30-2015-500-attempt5/W209-288.wfm   209 / 371
210
W210-288.wfm
	Reading  /media/usb/11-30-2015-500-attempt5/W210-288.wfm   210 / 371
211
W211-288.wfm
	Reading  /media/usb/11-30-2015-500-attempt5/W211-288.wfm   211 / 371
212
W212-288.wfm
	Reading  /media/usb/11-30-2015-500-attempt5/W212-288.wfm   212 / 371
213
W213-288.wfm
	Reading  /media/usb/11-30-2015-500-attempt5/W213-288.wfm   213 / 371
214
W214-288.wfm
	Reading  /media/usb/11-30-2015-500-attempt5/W214-288.wfm   214 / 371
215
W215-288.wfm
	Reading  /media/usb/11-30-2015-500-attempt5/W215-288.wfm   215 / 371
216
W216-294.wfm
217
W217-288.wfm
	Reading  /media/usb/11-30-2015-500-attempt5/W217-288.wfm   217 / 371
218
W218-288.wfm
	Reading  /media/usb/11-30-2015-500-attempt5/W218-288.wfm   218 / 371
219
W219-294.wfm
220
W220-288.wfm
	Reading  /media/usb/11-30-2015-500-attempt5/W220-288.wfm   220 / 371
221
W221-288.wfm
	Reading  /media/usb/11-30-2015-500-attempt5/W221-288.wfm   221 / 371
222
W222-288.wfm
	Reading  /media/usb/11-30-2015-500-attempt5/W222-288.wfm   222 / 371
223
W223-294.wfm
224
W224-288.wfm
	Reading  /media/usb/11-30-2015-500-attempt5/W224-288.wfm   224 / 371
225
W225-294.wfm
226
W226-288.wfm
	Reading  /media/usb/11-30-2015-500-attempt5/W226-288.wfm   226 / 371
227
W227-288.wfm
	Reading  /media/usb/11-30-2015-500-attempt5/W227-288.wfm   227 / 371
228
W228-294.wfm
229
W229-294.wfm
230
W230-288.wfm
	Reading  /media/usb/11-30-2015-500-attempt5/W230-288.wfm   230 / 371
231
W231-294.wfm
232
W232-288.wfm
	Reading  /media/usb/11-30-2015-500-attempt5/W232-288.wfm   232 / 371
233
W233-288.wfm
	Reading  /media/usb/11-30-2015-500-attempt5/W233-288.wfm   233 / 371
234
W234-294.wfm
235
W235-288.wfm
	Reading  /media/usb/11-30-2015-500-attempt5/W235-288.wfm   235 / 371
236
W236-288.wfm
	Reading  /media/usb/11-30-2015-500-attempt5/W236-288.wfm   236 / 371
237
W237-294.wfm
238
W238-288.wfm
	Reading  /media/usb/11-30-2015-500-attempt5/W238-288.wfm   238 / 371
239
W239-288.wfm
	Reading  /media/usb/11-30-2015-500-attempt5/W239-288.wfm   239 / 371
240
W240-294.wfm
241
W241-288.wfm
	Reading  /media/usb/11-30-2015-500-attempt5/W241-288.wfm   241 / 371
242
W242-288.wfm
	Reading  /media/usb/11-30-2015-500-attempt5/W242-288.wfm   242 / 371
243
W243-294.wfm
244
W244-288.wfm
	Reading  /media/usb/11-30-2015-500-attempt5/W244-288.wfm   244 / 371
245
W245-288.wfm
	Reading  /media/usb/11-30-2015-500-attempt5/W245-288.wfm   245 / 371
246
W246-288.wfm
	Reading  /media/usb/11-30-2015-500-attempt5/W246-288.wfm   246 / 371
247
W247-294.wfm
248
W248-294.wfm
249
W249-288.wfm
	Reading  /media/usb/11-30-2015-500-attempt5/W249-288.wfm   249 / 371
250
W250-288.wfm
	Reading  /media/usb/11-30-2015-500-attempt5/W250-288.wfm   250 / 371
251
W251-288.wfm
	Reading  /media/usb/11-30-2015-500-attempt5/W251-288.wfm   251 / 371
252
W252-294.wfm
253
W253-288.wfm
	Reading  /media/usb/11-30-2015-500-attempt5/W253-288.wfm   253 / 371
254
W254-288.wfm
	Reading  /media/usb/11-30-2015-500-attempt5/W254-288.wfm   254 / 371
255
W255-294.wfm
256
W256-288.wfm
	Reading  /media/usb/11-30-2015-500-attempt5/W256-288.wfm   256 / 371
257
W257-288.wfm
	Reading  /media/usb/11-30-2015-500-attempt5/W257-288.wfm   257 / 371
258
W258-294.wfm
259
W259-288.wfm
	Reading  /media/usb/11-30-2015-500-attempt5/W259-288.wfm   259 / 371
260
W260-288.wfm
	Reading  /media/usb/11-30-2015-500-attempt5/W260-288.wfm   260 / 371
261
W261-288.wfm
	Reading  /media/usb/11-30-2015-500-attempt5/W261-288.wfm   261 / 371
262
W262-288.wfm
	Reading  /media/usb/11-30-2015-500-attempt5/W262-288.wfm   262 / 371
263
W263-294.wfm
264
W264-294.wfm
265
W265-294.wfm
266
W266-288.wfm
	Reading  /media/usb/11-30-2015-500-attempt5/W266-288.wfm   266 / 371
267
W267-294.wfm
268
W268-294.wfm
269
W269-288.wfm
	Reading  /media/usb/11-30-2015-500-attempt5/W269-288.wfm   269 / 371
270
W270-288.wfm
	Reading  /media/usb/11-30-2015-500-attempt5/W270-288.wfm   270 / 371
271
W271-288.wfm
	Reading  /media/usb/11-30-2015-500-attempt5/W271-288.wfm   271 / 371
272
W272-288.wfm
	Reading  /media/usb/11-30-2015-500-attempt5/W272-288.wfm   272 / 371
273
W273-294.wfm
274
W274-288.wfm
	Reading  /media/usb/11-30-2015-500-attempt5/W274-288.wfm   274 / 371
275
W275-288.wfm
	Reading  /media/usb/11-30-2015-500-attempt5/W275-288.wfm   275 / 371
276
W276-288.wfm
	Reading  /media/usb/11-30-2015-500-attempt5/W276-288.wfm   276 / 371
277
W277-288.wfm
	Reading  /media/usb/11-30-2015-500-attempt5/W277-288.wfm   277 / 371
278
W278-294.wfm
279
W279-294.wfm
280
W280-288.wfm
	Reading  /media/usb/11-30-2015-500-attempt5/W280-288.wfm   280 / 371
281
W281-288.wfm
	Reading  /media/usb/11-30-2015-500-attempt5/W281-288.wfm   281 / 371
282
W282-288.wfm
	Reading  /media/usb/11-30-2015-500-attempt5/W282-288.wfm   282 / 371
283
W283-288.wfm
	Reading  /media/usb/11-30-2015-500-attempt5/W283-288.wfm   283 / 371
284
W284-288.wfm
	Reading  /media/usb/11-30-2015-500-attempt5/W284-288.wfm   284 / 371
285
W285-288.wfm
	Reading  /media/usb/11-30-2015-500-attempt5/W285-288.wfm   285 / 371
286
W286-288.wfm
	Reading  /media/usb/11-30-2015-500-attempt5/W286-288.wfm   286 / 371
287
W287-294.wfm
288
W288-288.wfm
	Reading  /media/usb/11-30-2015-500-attempt5/W288-288.wfm   288 / 371
289
W289-288.wfm
	Reading  /media/usb/11-30-2015-500-attempt5/W289-288.wfm   289 / 371
290
W290-294.wfm
291
W291-294.wfm
292
W292-294.wfm
293
W293-294.wfm
294
W294-288.wfm
	Reading  /media/usb/11-30-2015-500-attempt5/W294-288.wfm   294 / 371
295
W295-288.wfm
	Reading  /media/usb/11-30-2015-500-attempt5/W295-288.wfm   295 / 371
296
W296-294.wfm
297
W297-288.wfm
	Reading  /media/usb/11-30-2015-500-attempt5/W297-288.wfm   297 / 371
298
W298-294.wfm
299
W299-288.wfm
	Reading  /media/usb/11-30-2015-500-attempt5/W299-288.wfm   299 / 371
300
W300-294.wfm
301
W301-288.wfm
	Reading  /media/usb/11-30-2015-500-attempt5/W301-288.wfm   301 / 371
302
W302-288.wfm
	Reading  /media/usb/11-30-2015-500-attempt5/W302-288.wfm   302 / 371
303
W303-294.wfm
304
W304-288.wfm
	Reading  /media/usb/11-30-2015-500-attempt5/W304-288.wfm   304 / 371
305
W305-288.wfm
	Reading  /media/usb/11-30-2015-500-attempt5/W305-288.wfm   305 / 371
306
W306-294.wfm
307
W307-288.wfm
	Reading  /media/usb/11-30-2015-500-attempt5/W307-288.wfm   307 / 371
308
W308-288.wfm
	Reading  /media/usb/11-30-2015-500-attempt5/W308-288.wfm   308 / 371
309
W309-288.wfm
	Reading  /media/usb/11-30-2015-500-attempt5/W309-288.wfm   309 / 371
310
W310-294.wfm
311
W311-288.wfm
	Reading  /media/usb/11-30-2015-500-attempt5/W311-288.wfm   311 / 371
312
W312-288.wfm
	Reading  /media/usb/11-30-2015-500-attempt5/W312-288.wfm   312 / 371
313
W313-288.wfm
	Reading  /media/usb/11-30-2015-500-attempt5/W313-288.wfm   313 / 371
314
W314-294.wfm
315
W315-288.wfm
	Reading  /media/usb/11-30-2015-500-attempt5/W315-288.wfm   315 / 371
316
W316-288.wfm
	Reading  /media/usb/11-30-2015-500-attempt5/W316-288.wfm   316 / 371
317
W317-294.wfm
318
W318-294.wfm
319
W319-288.wfm
	Reading  /media/usb/11-30-2015-500-attempt5/W319-288.wfm   319 / 371
320
W320-288.wfm
	Reading  /media/usb/11-30-2015-500-attempt5/W320-288.wfm   320 / 371
321
W321-288.wfm
	Reading  /media/usb/11-30-2015-500-attempt5/W321-288.wfm   321 / 371
322
W322-288.wfm
	Reading  /media/usb/11-30-2015-500-attempt5/W322-288.wfm   322 / 371
323
W323-288.wfm
	Reading  /media/usb/11-30-2015-500-attempt5/W323-288.wfm   323 / 371
324
W324-288.wfm
	Reading  /media/usb/11-30-2015-500-attempt5/W324-288.wfm   324 / 371
325
W325-294.wfm
326
W326-294.wfm
327
W327-288.wfm
	Reading  /media/usb/11-30-2015-500-attempt5/W327-288.wfm   327 / 371
328
W328-294.wfm
329
W329-288.wfm
	Reading  /media/usb/11-30-2015-500-attempt5/W329-288.wfm   329 / 371
330
W330-288.wfm
	Reading  /media/usb/11-30-2015-500-attempt5/W330-288.wfm   330 / 371
331
W331-288.wfm
	Reading  /media/usb/11-30-2015-500-attempt5/W331-288.wfm   331 / 371
332
W332-288.wfm
	Reading  /media/usb/11-30-2015-500-attempt5/W332-288.wfm   332 / 371
333
W333-294.wfm
334
W334-288.wfm
	Reading  /media/usb/11-30-2015-500-attempt5/W334-288.wfm   334 / 371
335
W335-288.wfm
	Reading  /media/usb/11-30-2015-500-attempt5/W335-288.wfm   335 / 371
336
W336-294.wfm
337
W337-288.wfm
	Reading  /media/usb/11-30-2015-500-attempt5/W337-288.wfm   337 / 371
338
W338-288.wfm
	Reading  /media/usb/11-30-2015-500-attempt5/W338-288.wfm   338 / 371
339
W339-294.wfm
340
W340-288.wfm
	Reading  /media/usb/11-30-2015-500-attempt5/W340-288.wfm   340 / 371
341
W341-288.wfm
	Reading  /media/usb/11-30-2015-500-attempt5/W341-288.wfm   341 / 371
342
W342-294.wfm
343
W343-288.wfm
	Reading  /media/usb/11-30-2015-500-attempt5/W343-288.wfm   343 / 371
344
W344-288.wfm
	Reading  /media/usb/11-30-2015-500-attempt5/W344-288.wfm   344 / 371
345
W345-294.wfm
346
W346-288.wfm
	Reading  /media/usb/11-30-2015-500-attempt5/W346-288.wfm   346 / 371
347
W347-288.wfm
	Reading  /media/usb/11-30-2015-500-attempt5/W347-288.wfm   347 / 371
348
W348-294.wfm
349
W349-294.wfm
350
W350-288.wfm
	Reading  /media/usb/11-30-2015-500-attempt5/W350-288.wfm   350 / 371
351
W351-288.wfm
	Reading  /media/usb/11-30-2015-500-attempt5/W351-288.wfm   351 / 371
352
W352-294.wfm
353
W353-294.wfm
354
W354-288.wfm
	Reading  /media/usb/11-30-2015-500-attempt5/W354-288.wfm   354 / 371
355
W355-288.wfm
	Reading  /media/usb/11-30-2015-500-attempt5/W355-288.wfm   355 / 371
356
W356-294.wfm
357
W357-294.wfm
358
W358-288.wfm
	Reading  /media/usb/11-30-2015-500-attempt5/W358-288.wfm   358 / 371
359
W359-294.wfm
360
W360-288.wfm
	Reading  /media/usb/11-30-2015-500-attempt5/W360-288.wfm   360 / 371
361
W361-288.wfm
	Reading  /media/usb/11-30-2015-500-attempt5/W361-288.wfm   361 / 371
362
W362-288.wfm
	Reading  /media/usb/11-30-2015-500-attempt5/W362-288.wfm   362 / 371
363
W363-288.wfm
	Reading  /media/usb/11-30-2015-500-attempt5/W363-288.wfm   363 / 371
364
W364-288.wfm
	Reading  /media/usb/11-30-2015-500-attempt5/W364-288.wfm   364 / 371
365
W365-294.wfm
366
W366-288.wfm
	Reading  /media/usb/11-30-2015-500-attempt5/W366-288.wfm   366 / 371
367
W367-288.wfm
	Reading  /media/usb/11-30-2015-500-attempt5/W367-288.wfm   367 / 371
368
W368-288.wfm
	Reading  /media/usb/11-30-2015-500-attempt5/W368-288.wfm   368 / 371
369
W369-288.wfm
	Reading  /media/usb/11-30-2015-500-attempt5/W369-288.wfm   369 / 371
370
W370-288.wfm
	Reading  /media/usb/11-30-2015-500-attempt5/W370-288.wfm   370 / 371
Finished processing all WFMs. Output in 11-30-2015-attempt5-only288
